{
  "stats": {
    "suites": 1,
    "tests": 2,
    "passes": 1,
    "pending": 0,
    "failures": 1,
    "start": "2023-02-08T10:49:53.012Z",
    "end": "2023-02-08T10:50:13.430Z",
    "duration": 20418,
    "testsRegistered": 2,
    "passPercent": 50,
    "pendingPercent": 0,
    "other": 0,
    "hasOther": false,
    "skipped": 0,
    "hasSkipped": false
  },
  "results": [
    {
      "uuid": "cbd75eaa-6f85-4b6f-8de5-9664d136bd2f",
      "title": "",
      "fullFile": "cypress\\integration\\OrangeHRM.cy.js",
      "file": "cypress\\integration\\OrangeHRM.cy.js",
      "beforeHooks": [],
      "afterHooks": [],
      "tests": [],
      "suites": [
        {
          "uuid": "b233f9de-dea4-441f-ba9e-c806d200b33d",
          "title": "OrangeHRM.com",
          "fullFile": "",
          "file": "",
          "beforeHooks": [],
          "afterHooks": [],
          "tests": [
            {
              "title": "Login to OrangeHRM!",
              "fullTitle": "OrangeHRM.com Login to OrangeHRM!",
              "timedOut": null,
              "duration": 8012,
              "state": "passed",
              "speed": "medium",
              "pass": true,
              "fail": false,
              "pending": false,
              "context": null,
              "code": "loginPage.getEnterUsernameTextBox().type(this.arg.userName);\nloginPage.getEnterUsernameTextBox().should(\"have.value\", this.arg.userName);\nloginPage.getEnterPwdTextBox().type(this.arg.pwd);\nloginPage.getEnterPwdTextBox().should(\"have.value\", this.arg.pwd);\nloginPage.getClickOnLoginButton().click();\ndashboardPage.getTopBarHeader().should(\"have.text\", \"Dashboard\");",
              "err": {},
              "uuid": "4291ed09-9e84-46bf-9567-79f0d1c963a8",
              "parentUUID": "b233f9de-dea4-441f-ba9e-c806d200b33d",
              "isHook": false,
              "skipped": false
            },
            {
              "title": "Navigate to Admin Tab and add User!",
              "fullTitle": "OrangeHRM.com Navigate to Admin Tab and add User!",
              "timedOut": null,
              "duration": 8758,
              "state": "failed",
              "speed": null,
              "pass": false,
              "fail": true,
              "pending": false,
              "context": null,
              "code": "loginPage.getEnterUsernameTextBox().type(this.arg.userName);\nloginPage.getEnterUsernameTextBox().should(\"have.value\", this.arg.userName);\nloginPage.getEnterPwdTextBox().type(this.arg.pwd);\nloginPage.getEnterPwdTextBox().should(\"have.value\", this.arg.pwd);\nloginPage.getClickOnLoginButton().click();\ndashboardPage.getTopBarHeader().should(\"have.text\", \"Dashboard\");\ndashboardPage.getAdminTab().click();\nadminPage.getTopBarHeader().should(\"have.text\", \"AdminUser Management\");\nadminPage.getClickOnAddButton().click();\nadminPage.getUserRoleSelectBox().click();\nadminPage.getEmployeeNameTextBox().type(this.arg.empname);\ncy.wait(5000);\nadminPage.getAutocompleteData().click();\nadminPage.getStatusSelectBox().click();\nadminPage.getUserNameTextBox().type(this.arg.username);\nadminPage.getEnterPwdTextBox().type(this.arg.password);\nadminPage.getEnterConfirmPasswordTextBox().type(this.arg.confirmPwd);\nadminPage.getSaveButton().click();\ncy.contains('Success').should('be.visible');",
              "err": {
                "message": "AssertionError: Timed out retrying after 4000ms: Expected to find element: `input[name='username']`, but never found it.",
                "estack": "AssertionError: Timed out retrying after 4000ms: Expected to find element: `input[name='username']`, but never found it.\n    at LoginPage.getEnterUsernameTextBox (webpack:///./cypress/integration/OrangeHRM/LoginPage.js:5:13)\n    at Context.eval (webpack:///./cypress/integration/OrangeHRM.cy.js:33:10)",
                "diff": null
              },
              "uuid": "b5a41381-7877-4960-a464-ea82ce835661",
              "parentUUID": "b233f9de-dea4-441f-ba9e-c806d200b33d",
              "isHook": false,
              "skipped": false
            }
          ],
          "suites": [],
          "passes": [
            "4291ed09-9e84-46bf-9567-79f0d1c963a8"
          ],
          "failures": [
            "b5a41381-7877-4960-a464-ea82ce835661"
          ],
          "pending": [],
          "skipped": [],
          "duration": 16770,
          "root": false,
          "rootEmpty": false,
          "_timeout": 2000
        }
      ],
      "passes": [],
      "failures": [],
      "pending": [],
      "skipped": [],
      "duration": 0,
      "root": true,
      "rootEmpty": true,
      "_timeout": 2000
    }
  ],
  "meta": {
    "mocha": {
      "version": "7.0.1"
    },
    "mochawesome": {
      "options": {
        "quiet": false,
        "reportFilename": "mochawesome",
        "saveHtml": false,
        "saveJson": true,
        "consoleReporter": "spec",
        "useInlineDiffs": false,
        "code": true
      },
      "version": "7.1.3"
    },
    "marge": {
      "options": {
        "chats": true,
        "overwrite": true,
        "html": false,
        "json": true,
        "reportDir": "cypress/reports"
      },
      "version": "6.2.0"
    }
  }
}